2026-02-25 12:01:16 RAW INPUT: {"customer_name":"shyna","phone":"12345678","notes":"","total_amount":30,"items":[{"id":"nasi-kerabu","name":"nasi kerabu","price":10,"quantity":3}],"payment_method":"stripe","stripe_session_id":"cs_test_a1MQXLh5qwOkOXT9IJbdfqOuF2ql1jmZE90zzrLIXZenf2hDM95yOnGKlW"}
2026-02-25 12:01:16 Parsed data: Array
(
    [customer_name] => shyna
    [phone] => 12345678
    [notes] => 
    [total_amount] => 30
    [items] => Array
        (
            [0] => Array
                (
                    [id] => nasi-kerabu
                    [name] => nasi kerabu
                    [price] => 10
                    [quantity] => 3
                )

        )

    [payment_method] => stripe
    [stripe_session_id] => cs_test_a1MQXLh5qwOkOXT9IJbdfqOuF2ql1jmZE90zzrLIXZenf2hDM95yOnGKlW
)

2026-02-25 12:01:16 RAW INPUT: {"customer_name":"shyna","phone":"12345678","notes":"","total_amount":30,"items":[{"id":"nasi-kerabu","name":"nasi kerabu","price":10,"quantity":3}],"payment_method":"stripe","stripe_session_id":"cs_test_a1eLAoyGdeAg6QrVQdgyC1iz5NjRFgkfL6ZRmqqW5F3M7qO4hTgvX8aK7R"}
2026-02-25 12:01:16 Parsed data: Array
(
    [customer_name] => shyna
    [phone] => 12345678
    [notes] => 
    [total_amount] => 30
    [items] => Array
        (
            [0] => Array
                (
                    [id] => nasi-kerabu
                    [name] => nasi kerabu
                    [price] => 10
                    [quantity] => 3
                )

        )

    [payment_method] => stripe
    [stripe_session_id] => cs_test_a1eLAoyGdeAg6QrVQdgyC1iz5NjRFgkfL6ZRmqqW5F3M7qO4hTgvX8aK7R
)

2026-02-25 12:06:18 RAW INPUT: {"customer_name":"shyna","phone":"12345678","notes":"","total_amount":30,"items":[{"id":"nasi-kerabu","name":"nasi kerabu","price":10,"quantity":3}],"payment_method":"stripe","stripe_session_id":"cs_test_a1p3ok3FjR6gemqf69btoaj1RYHALSkaYGWwuo5OQMb5Y9MRbJvX4gs9Pz"}
2026-02-25 12:06:18 Parsed data: Array
(
    [customer_name] => shyna
    [phone] => 12345678
    [notes] => 
    [total_amount] => 30
    [items] => Array
        (
            [0] => Array
                (
                    [id] => nasi-kerabu
                    [name] => nasi kerabu
                    [price] => 10
                    [quantity] => 3
                )

        )

    [payment_method] => stripe
    [stripe_session_id] => cs_test_a1p3ok3FjR6gemqf69btoaj1RYHALSkaYGWwuo5OQMb5Y9MRbJvX4gs9Pz
)

2026-02-25 12:06:18 RAW INPUT: {"customer_name":"shyna","phone":"12345678","notes":"","total_amount":30,"items":[{"id":"nasi-kerabu","name":"nasi kerabu","price":10,"quantity":3}],"payment_method":"stripe","stripe_session_id":"cs_test_a1kN0QxrLIEWMrMjGOdiGlkUX9uiNhagqDqVeSl4wavtUNEzL1zh3U6vkV"}
2026-02-25 12:06:18 Parsed data: Array
(
    [customer_name] => shyna
    [phone] => 12345678
    [notes] => 
    [total_amount] => 30
    [items] => Array
        (
            [0] => Array
                (
                    [id] => nasi-kerabu
                    [name] => nasi kerabu
                    [price] => 10
                    [quantity] => 3
                )

        )

    [payment_method] => stripe
    [stripe_session_id] => cs_test_a1kN0QxrLIEWMrMjGOdiGlkUX9uiNhagqDqVeSl4wavtUNEzL1zh3U6vkV
)

2026-02-25 12:09:15 RAW INPUT: {"customer_name":"shyna","phone":"12345678","notes":"","total_amount":30,"items":[{"id":"nasi-kerabu","name":"nasi kerabu","price":10,"quantity":3}],"payment_method":"stripe","stripe_session_id":"cs_test_a1NRzFzA3GP6Tfp3lKrw7mx3EZwRuag4TaE45iFRKc4PUIh1EAJtFPx3Xu"}
2026-02-25 12:09:15 Parsed data: Array
(
    [customer_name] => shyna
    [phone] => 12345678
    [notes] => 
    [total_amount] => 30
    [items] => Array
        (
            [0] => Array
                (
                    [id] => nasi-kerabu
                    [name] => nasi kerabu
                    [price] => 10
                    [quantity] => 3
                )

        )

    [payment_method] => stripe
    [stripe_session_id] => cs_test_a1NRzFzA3GP6Tfp3lKrw7mx3EZwRuag4TaE45iFRKc4PUIh1EAJtFPx3Xu
)

2026-02-25 12:09:15 RAW INPUT: {"customer_name":"shyna","phone":"12345678","notes":"","total_amount":30,"items":[{"id":"nasi-kerabu","name":"nasi kerabu","price":10,"quantity":3}],"payment_method":"stripe","stripe_session_id":"cs_test_a1K7k4aLMNyD6lF3lujHMydUAKEPBPlSUCJJMoVS4Ty3KdIeA1RLFF9TOb"}
2026-02-25 12:09:15 Parsed data: Array
(
    [customer_name] => shyna
    [phone] => 12345678
    [notes] => 
    [total_amount] => 30
    [items] => Array
        (
            [0] => Array
                (
                    [id] => nasi-kerabu
                    [name] => nasi kerabu
                    [price] => 10
                    [quantity] => 3
                )

        )

    [payment_method] => stripe
    [stripe_session_id] => cs_test_a1K7k4aLMNyD6lF3lujHMydUAKEPBPlSUCJJMoVS4Ty3KdIeA1RLFF9TOb
)

2026-02-25 12:09:48 RAW INPUT: {"customer_name":"shyna","phone":"12345678","notes":"","total_amount":30,"items":[{"id":"nasi-kerabu","name":"nasi kerabu","price":10,"quantity":3}],"payment_method":"stripe","stripe_session_id":"cs_test_a16dCCLHdx24Ep6pRX0nPr1lJH5cpPsdpiIj4fvWmXEfmSzA7CbxpFHxvE"}
2026-02-25 12:09:48 Parsed data: Array
(
    [customer_name] => shyna
    [phone] => 12345678
    [notes] => 
    [total_amount] => 30
    [items] => Array
        (
            [0] => Array
                (
                    [id] => nasi-kerabu
                    [name] => nasi kerabu
                    [price] => 10
                    [quantity] => 3
                )

        )

    [payment_method] => stripe
    [stripe_session_id] => cs_test_a16dCCLHdx24Ep6pRX0nPr1lJH5cpPsdpiIj4fvWmXEfmSzA7CbxpFHxvE
)

2026-02-25 12:09:48 RAW INPUT: {"customer_name":"shyna","phone":"12345678","notes":"","total_amount":30,"items":[{"id":"nasi-kerabu","name":"nasi kerabu","price":10,"quantity":3}],"payment_method":"stripe","stripe_session_id":"cs_test_a1lTHSbyKLE8uyHTKLaQTVZMF5311zUBLXOEI70k0dDmufcjVmCJPXVic3"}
2026-02-25 12:09:48 Parsed data: Array
(
    [customer_name] => shyna
    [phone] => 12345678
    [notes] => 
    [total_amount] => 30
    [items] => Array
        (
            [0] => Array
                (
                    [id] => nasi-kerabu
                    [name] => nasi kerabu
                    [price] => 10
                    [quantity] => 3
                )

        )

    [payment_method] => stripe
    [stripe_session_id] => cs_test_a1lTHSbyKLE8uyHTKLaQTVZMF5311zUBLXOEI70k0dDmufcjVmCJPXVic3
)

2026-02-25 12:11:43 RAW INPUT: {"customer_name":"shyna","phone":"12345678","notes":"","total_amount":30,"items":[{"id":"nasi-kerabu","name":"nasi kerabu","price":10,"quantity":3}],"payment_method":"stripe","stripe_session_id":"cs_test_a12czpKlnNb3UAHyAXOgOeRbymuWs5hz9eI9jTaONsrWI4fAFum0FeZ527"}
2026-02-25 12:11:43 Parsed data: Array
(
    [customer_name] => shyna
    [phone] => 12345678
    [notes] => 
    [total_amount] => 30
    [items] => Array
        (
            [0] => Array
                (
                    [id] => nasi-kerabu
                    [name] => nasi kerabu
                    [price] => 10
                    [quantity] => 3
                )

        )

    [payment_method] => stripe
    [stripe_session_id] => cs_test_a12czpKlnNb3UAHyAXOgOeRbymuWs5hz9eI9jTaONsrWI4fAFum0FeZ527
)

2026-02-25 12:11:43 RAW INPUT: {"customer_name":"shyna","phone":"12345678","notes":"","total_amount":30,"items":[{"id":"nasi-kerabu","name":"nasi kerabu","price":10,"quantity":3}],"payment_method":"stripe","stripe_session_id":"cs_test_a1PettJl3PMXehJB8jxf10VJ9RRP8L2C1SioXo2ggsZi3mWJk6geHdC13v"}
2026-02-25 12:11:43 Parsed data: Array
(
    [customer_name] => shyna
    [phone] => 12345678
    [notes] => 
    [total_amount] => 30
    [items] => Array
        (
            [0] => Array
                (
                    [id] => nasi-kerabu
                    [name] => nasi kerabu
                    [price] => 10
                    [quantity] => 3
                )

        )

    [payment_method] => stripe
    [stripe_session_id] => cs_test_a1PettJl3PMXehJB8jxf10VJ9RRP8L2C1SioXo2ggsZi3mWJk6geHdC13v
)

2026-02-25 12:15:37 RAW INPUT: {"customer_name":"shyna","phone":"12345678","notes":"","total_amount":30,"items":[{"id":"nasi-kerabu","name":"nasi kerabu","price":10,"quantity":3}],"payment_method":"stripe","stripe_session_id":"cs_test_a1QHQxXR7ojQjBmN6nDe9zBpxxAjhnOgngLLkmV0ikOp3Yntw6GEvAmH2t"}
2026-02-25 12:15:37 Parsed data: Array
(
    [customer_name] => shyna
    [phone] => 12345678
    [notes] => 
    [total_amount] => 30
    [items] => Array
        (
            [0] => Array
                (
                    [id] => nasi-kerabu
                    [name] => nasi kerabu
                    [price] => 10
                    [quantity] => 3
                )

        )

    [payment_method] => stripe
    [stripe_session_id] => cs_test_a1QHQxXR7ojQjBmN6nDe9zBpxxAjhnOgngLLkmV0ikOp3Yntw6GEvAmH2t
)

2026-02-25 12:15:37 RAW INPUT: {"customer_name":"shyna","phone":"12345678","notes":"","total_amount":30,"items":[{"id":"nasi-kerabu","name":"nasi kerabu","price":10,"quantity":3}],"payment_method":"stripe","stripe_session_id":"cs_test_a1xHPqSqDuLzVNcJUqdFRRjhSnrPUuMLxPLZDK3NV85mJu3lAytfT9GmJn"}
2026-02-25 12:15:37 Parsed data: Array
(
    [customer_name] => shyna
    [phone] => 12345678
    [notes] => 
    [total_amount] => 30
    [items] => Array
        (
            [0] => Array
                (
                    [id] => nasi-kerabu
                    [name] => nasi kerabu
                    [price] => 10
                    [quantity] => 3
                )

        )

    [payment_method] => stripe
    [stripe_session_id] => cs_test_a1xHPqSqDuLzVNcJUqdFRRjhSnrPUuMLxPLZDK3NV85mJu3lAytfT9GmJn
)

2026-02-25 12:17:07 RAW INPUT: {"customer_name":"shyna","phone":"12345678","notes":"","total_amount":30,"items":[{"id":"nasi-kerabu","name":"nasi kerabu","price":10,"quantity":3}],"payment_method":"stripe","stripe_session_id":"cs_test_a19oI4kHCtSc2EwxM4QOOznA1NeByOkvr3dgC7JaVWy3YJeCrOKfX7IOWq"}
2026-02-25 12:17:07 Parsed data: Array
(
    [customer_name] => shyna
    [phone] => 12345678
    [notes] => 
    [total_amount] => 30
    [items] => Array
        (
            [0] => Array
                (
                    [id] => nasi-kerabu
                    [name] => nasi kerabu
                    [price] => 10
                    [quantity] => 3
                )

        )

    [payment_method] => stripe
    [stripe_session_id] => cs_test_a19oI4kHCtSc2EwxM4QOOznA1NeByOkvr3dgC7JaVWy3YJeCrOKfX7IOWq
)

2026-02-25 12:17:07 RAW INPUT: {"customer_name":"shyna","phone":"12345678","notes":"","total_amount":30,"items":[{"id":"nasi-kerabu","name":"nasi kerabu","price":10,"quantity":3}],"payment_method":"stripe","stripe_session_id":"cs_test_a1rKQg0g8FAaz0Q7DQoR8TkozKNzemMBjWn3VnrOB72FhQarb3pFJBRKR0"}
2026-02-25 12:17:07 Parsed data: Array
(
    [customer_name] => shyna
    [phone] => 12345678
    [notes] => 
    [total_amount] => 30
    [items] => Array
        (
            [0] => Array
                (
                    [id] => nasi-kerabu
                    [name] => nasi kerabu
                    [price] => 10
                    [quantity] => 3
                )

        )

    [payment_method] => stripe
    [stripe_session_id] => cs_test_a1rKQg0g8FAaz0Q7DQoR8TkozKNzemMBjWn3VnrOB72FhQarb3pFJBRKR0
)

2026-02-25 12:20:15 RAW INPUT: {"customer_name":"shyna","phone":"12345678","notes":"","total_amount":30,"items":[{"id":"nasi-kerabu","name":"nasi kerabu","price":10,"quantity":3}],"payment_method":"stripe","stripe_session_id":"cs_test_a1PvG1h2crwlg59Eu1LEoIwXXJ09jYqajrUIk5xmbeUr63x9nKK539ulla"}
2026-02-25 12:20:15 Parsed data: Array
(
    [customer_name] => shyna
    [phone] => 12345678
    [notes] => 
    [total_amount] => 30
    [items] => Array
        (
            [0] => Array
                (
                    [id] => nasi-kerabu
                    [name] => nasi kerabu
                    [price] => 10
                    [quantity] => 3
                )

        )

    [payment_method] => stripe
    [stripe_session_id] => cs_test_a1PvG1h2crwlg59Eu1LEoIwXXJ09jYqajrUIk5xmbeUr63x9nKK539ulla
)

2026-02-25 12:20:15 RAW INPUT: {"customer_name":"shyna","phone":"12345678","notes":"","total_amount":30,"items":[{"id":"nasi-kerabu","name":"nasi kerabu","price":10,"quantity":3}],"payment_method":"stripe","stripe_session_id":"cs_test_a1pcSAT1GDw9w7Dzg3XclMLHYImcGEhGOLHoNvAmhmcamRnaAZiLWKky1d"}
2026-02-25 12:20:15 Parsed data: Array
(
    [customer_name] => shyna
    [phone] => 12345678
    [notes] => 
    [total_amount] => 30
    [items] => Array
        (
            [0] => Array
                (
                    [id] => nasi-kerabu
                    [name] => nasi kerabu
                    [price] => 10
                    [quantity] => 3
                )

        )

    [payment_method] => stripe
    [stripe_session_id] => cs_test_a1pcSAT1GDw9w7Dzg3XclMLHYImcGEhGOLHoNvAmhmcamRnaAZiLWKky1d
)

2026-02-25 12:24:01 RAW INPUT: {"customer_name":"shyna","phone":"12345678","notes":"","total_amount":30,"items":[{"id":"nasi-kerabu","name":"nasi kerabu","price":10,"quantity":3}],"payment_method":"stripe","stripe_session_id":"cs_test_a1TDTpyzVj5IxX4cJhOM3DbMAxflJRkgIIxm4vyNbH8lbPd2Z9U9boKp3w"}
2026-02-25 12:24:01 Parsed data: Array
(
    [customer_name] => shyna
    [phone] => 12345678
    [notes] => 
    [total_amount] => 30
    [items] => Array
        (
            [0] => Array
                (
                    [id] => nasi-kerabu
                    [name] => nasi kerabu
                    [price] => 10
                    [quantity] => 3
                )

        )

    [payment_method] => stripe
    [stripe_session_id] => cs_test_a1TDTpyzVj5IxX4cJhOM3DbMAxflJRkgIIxm4vyNbH8lbPd2Z9U9boKp3w
)

2026-02-25 12:24:01 RAW INPUT: {"customer_name":"shyna","phone":"12345678","notes":"","total_amount":30,"items":[{"id":"nasi-kerabu","name":"nasi kerabu","price":10,"quantity":3}],"payment_method":"stripe","stripe_session_id":"cs_test_a1W0eDupFCSBZNkkUhqL0CeTFRsH2HyDjMkeHrY1K7PODUV2ueDps04Mw7"}
2026-02-25 12:24:01 Parsed data: Array
(
    [customer_name] => shyna
    [phone] => 12345678
    [notes] => 
    [total_amount] => 30
    [items] => Array
        (
            [0] => Array
                (
                    [id] => nasi-kerabu
                    [name] => nasi kerabu
                    [price] => 10
                    [quantity] => 3
                )

        )

    [payment_method] => stripe
    [stripe_session_id] => cs_test_a1W0eDupFCSBZNkkUhqL0CeTFRsH2HyDjMkeHrY1K7PODUV2ueDps04Mw7
)

2026-02-25 12:25:39 RAW INPUT: {"customer_name":"shyna","phone":"12345678","notes":"","total_amount":30,"items":[{"id":"nasi-kerabu","name":"nasi kerabu","price":10,"quantity":3}],"payment_method":"stripe","stripe_session_id":"cs_test_a1FF3Hy6DiSMS6VphgX5oojYN5LeISCyUGt1eFCyODN5HKjPR6tuRLmPFd"}
2026-02-25 12:25:39 Parsed data: Array
(
    [customer_name] => shyna
    [phone] => 12345678
    [notes] => 
    [total_amount] => 30
    [items] => Array
        (
            [0] => Array
                (
                    [id] => nasi-kerabu
                    [name] => nasi kerabu
                    [price] => 10
                    [quantity] => 3
                )

        )

    [payment_method] => stripe
    [stripe_session_id] => cs_test_a1FF3Hy6DiSMS6VphgX5oojYN5LeISCyUGt1eFCyODN5HKjPR6tuRLmPFd
)

2026-02-25 12:25:39 RAW INPUT: {"customer_name":"shyna","phone":"12345678","notes":"","total_amount":30,"items":[{"id":"nasi-kerabu","name":"nasi kerabu","price":10,"quantity":3}],"payment_method":"stripe","stripe_session_id":"cs_test_a1xUsEm64t0aHzsDBWiLLPZBGuElc0gyOrMDhVcIXP5CwzRY2NMR5E2HHn"}
2026-02-25 12:25:39 Parsed data: Array
(
    [customer_name] => shyna
    [phone] => 12345678
    [notes] => 
    [total_amount] => 30
    [items] => Array
        (
            [0] => Array
                (
                    [id] => nasi-kerabu
                    [name] => nasi kerabu
                    [price] => 10
                    [quantity] => 3
                )

        )

    [payment_method] => stripe
    [stripe_session_id] => cs_test_a1xUsEm64t0aHzsDBWiLLPZBGuElc0gyOrMDhVcIXP5CwzRY2NMR5E2HHn
)

2026-02-25 12:26:56 RAW INPUT: {"customer_name":"shyna","phone":"12345678","notes":"","total_amount":30,"items":[{"id":"nasi-kerabu","name":"nasi kerabu","price":10,"quantity":3}],"payment_method":"stripe","stripe_session_id":"cs_test_a1FLsRf071YJCE8GV2RHnHYeUZkwJ3JYrQ3VQinl2qlHFuFdpjGv01uQw0"}
2026-02-25 12:26:56 Parsed data: Array
(
    [customer_name] => shyna
    [phone] => 12345678
    [notes] => 
    [total_amount] => 30
    [items] => Array
        (
            [0] => Array
                (
                    [id] => nasi-kerabu
                    [name] => nasi kerabu
                    [price] => 10
                    [quantity] => 3
                )

        )

    [payment_method] => stripe
    [stripe_session_id] => cs_test_a1FLsRf071YJCE8GV2RHnHYeUZkwJ3JYrQ3VQinl2qlHFuFdpjGv01uQw0
)

2026-02-25 12:26:56 RAW INPUT: {"customer_name":"shyna","phone":"12345678","notes":"","total_amount":30,"items":[{"id":"nasi-kerabu","name":"nasi kerabu","price":10,"quantity":3}],"payment_method":"stripe","stripe_session_id":"cs_test_a1DcGNVoGLruiLZyr7PBs9FCr6eOknRo0At8przkyinJuHOSNjiR7GOIjA"}
2026-02-25 12:26:56 Parsed data: Array
(
    [customer_name] => shyna
    [phone] => 12345678
    [notes] => 
    [total_amount] => 30
    [items] => Array
        (
            [0] => Array
                (
                    [id] => nasi-kerabu
                    [name] => nasi kerabu
                    [price] => 10
                    [quantity] => 3
                )

        )

    [payment_method] => stripe
    [stripe_session_id] => cs_test_a1DcGNVoGLruiLZyr7PBs9FCr6eOknRo0At8przkyinJuHOSNjiR7GOIjA
)

2026-02-25 12:32:23 RAW INPUT: {"customer_name":"shyna","phone":"12345678","notes":"","total_amount":30,"items":[{"id":"nasi-kerabu","name":"nasi kerabu","price":10,"quantity":3}],"payment_method":"stripe","stripe_session_id":"cs_test_a1Udb7YldLPIZuy7h3Qwzeh3OyeT3vXhZ9wVwIAOq0392TBFhZSIsba37k"}
2026-02-25 12:32:23 Parsed data: Array
(
    [customer_name] => shyna
    [phone] => 12345678
    [notes] => 
    [total_amount] => 30
    [items] => Array
        (
            [0] => Array
                (
                    [id] => nasi-kerabu
                    [name] => nasi kerabu
                    [price] => 10
                    [quantity] => 3
                )

        )

    [payment_method] => stripe
    [stripe_session_id] => cs_test_a1Udb7YldLPIZuy7h3Qwzeh3OyeT3vXhZ9wVwIAOq0392TBFhZSIsba37k
)

2026-02-25 12:32:23 RAW INPUT: {"customer_name":"shyna","phone":"12345678","notes":"","total_amount":30,"items":[{"id":"nasi-kerabu","name":"nasi kerabu","price":10,"quantity":3}],"payment_method":"stripe","stripe_session_id":"cs_test_a1crI0jRU3eko1QjKTiR8qsaVccHGUzIGId366g67C5isX108O3VAggKuJ"}
2026-02-25 12:32:23 Parsed data: Array
(
    [customer_name] => shyna
    [phone] => 12345678
    [notes] => 
    [total_amount] => 30
    [items] => Array
        (
            [0] => Array
                (
                    [id] => nasi-kerabu
                    [name] => nasi kerabu
                    [price] => 10
                    [quantity] => 3
                )

        )

    [payment_method] => stripe
    [stripe_session_id] => cs_test_a1crI0jRU3eko1QjKTiR8qsaVccHGUzIGId366g67C5isX108O3VAggKuJ
)

2026-02-25 13:21:55 RAW INPUT: 
2026-02-25 13:21:58 RAW INPUT: 
2026-02-25 14:20:00 RAW INPUT: {"customer_name":"shyna","phone":"12345678","notes":"","total_amount":3,"items":[{"id":"air-kosong","name":"air kosong","price":1,"quantity":3}],"payment_method":"stripe","stripe_session_id":"cs_test_a1fdL8UW3EHwbZvQZNhjhxLkXMjJwZXsdvilZSpU36nSHec8cjVrQr0Kia"}
2026-02-25 14:20:00 Parsed data: Array
(
    [customer_name] => shyna
    [phone] => 12345678
    [notes] => 
    [total_amount] => 3
    [items] => Array
        (
            [0] => Array
                (
                    [id] => air-kosong
                    [name] => air kosong
                    [price] => 1
                    [quantity] => 3
                )

        )

    [payment_method] => stripe
    [stripe_session_id] => cs_test_a1fdL8UW3EHwbZvQZNhjhxLkXMjJwZXsdvilZSpU36nSHec8cjVrQr0Kia
)

2026-02-25 14:21:24 RAW INPUT: {"customer_name":"shyna","phone":"12345678","notes":"","total_amount":3,"items":[{"id":"air-kosong","name":"air kosong","price":1,"quantity":3}],"payment_method":"stripe","stripe_session_id":"cs_test_a1LuYrbo5n0yBbtrPRMYpVEUhfazDI1JKqLZ9UXKpALYFhoAIahIbLkLAT"}
2026-02-25 14:21:24 Parsed data: Array
(
    [customer_name] => shyna
    [phone] => 12345678
    [notes] => 
    [total_amount] => 3
    [items] => Array
        (
            [0] => Array
                (
                    [id] => air-kosong
                    [name] => air kosong
                    [price] => 1
                    [quantity] => 3
                )

        )

    [payment_method] => stripe
    [stripe_session_id] => cs_test_a1LuYrbo5n0yBbtrPRMYpVEUhfazDI1JKqLZ9UXKpALYFhoAIahIbLkLAT
)

2026-02-25 14:22:06 RAW INPUT: {"customer_name":"shyna","phone":"12345678","notes":"","total_amount":3,"items":[{"id":"air-kosong","name":"air kosong","price":1,"quantity":3}],"payment_method":"stripe","stripe_session_id":"cs_test_a14cImdO90npnqXEulScTQi8ahg3wJJkjy8gIdTEyEnRihNzObYiOLGm7N"}
2026-02-25 14:22:06 Parsed data: Array
(
    [customer_name] => shyna
    [phone] => 12345678
    [notes] => 
    [total_amount] => 3
    [items] => Array
        (
            [0] => Array
                (
                    [id] => air-kosong
                    [name] => air kosong
                    [price] => 1
                    [quantity] => 3
                )

        )

    [payment_method] => stripe
    [stripe_session_id] => cs_test_a14cImdO90npnqXEulScTQi8ahg3wJJkjy8gIdTEyEnRihNzObYiOLGm7N
)

2026-02-25 14:22:34 RAW INPUT: {"customer_name":"shyna","phone":"12345678","notes":"","total_amount":3,"items":[{"id":"air-kosong","name":"air kosong","price":1,"quantity":3}],"payment_method":"stripe","stripe_session_id":"cs_test_a1RSqIkAqi51s66qyHJMwLJ0KDusAOt7PkVS3fGMlq62TW76mR8lzh3hMq"}
2026-02-25 14:22:34 Parsed data: Array
(
    [customer_name] => shyna
    [phone] => 12345678
    [notes] => 
    [total_amount] => 3
    [items] => Array
        (
            [0] => Array
                (
                    [id] => air-kosong
                    [name] => air kosong
                    [price] => 1
                    [quantity] => 3
                )

        )

    [payment_method] => stripe
    [stripe_session_id] => cs_test_a1RSqIkAqi51s66qyHJMwLJ0KDusAOt7PkVS3fGMlq62TW76mR8lzh3hMq
)

2026-02-25 14:24:38 RAW INPUT: {"customer_name":"shyna","phone":"12345678","notes":"","total_amount":3,"items":[{"id":"air-kosong","name":"air kosong","price":1,"quantity":3}],"payment_method":"stripe","stripe_session_id":"cs_test_a1grS6yYYDuNCOSFlEBoSn5Y0bX9DDRgdAhC3MUTSJS4o5wwFTNbYNyyxF"}
2026-02-25 14:24:38 Parsed data: Array
(
    [customer_name] => shyna
    [phone] => 12345678
    [notes] => 
    [total_amount] => 3
    [items] => Array
        (
            [0] => Array
                (
                    [id] => air-kosong
                    [name] => air kosong
                    [price] => 1
                    [quantity] => 3
                )

        )

    [payment_method] => stripe
    [stripe_session_id] => cs_test_a1grS6yYYDuNCOSFlEBoSn5Y0bX9DDRgdAhC3MUTSJS4o5wwFTNbYNyyxF
)

2026-02-25 14:24:38 RAW INPUT: {"customer_name":"shyna","phone":"12345678","notes":"","total_amount":3,"items":[{"id":"air-kosong","name":"air kosong","price":1,"quantity":3}],"payment_method":"stripe","stripe_session_id":"cs_test_a1yv0bdIucgQuxzNoIoB425b7AmKXTWaYAhEkEP3CLoSCRk6syxIkJeQnh"}
2026-02-25 14:24:38 Parsed data: Array
(
    [customer_name] => shyna
    [phone] => 12345678
    [notes] => 
    [total_amount] => 3
    [items] => Array
        (
            [0] => Array
                (
                    [id] => air-kosong
                    [name] => air kosong
                    [price] => 1
                    [quantity] => 3
                )

        )

    [payment_method] => stripe
    [stripe_session_id] => cs_test_a1yv0bdIucgQuxzNoIoB425b7AmKXTWaYAhEkEP3CLoSCRk6syxIkJeQnh
)

2026-02-25 14:28:17 RAW INPUT: {"customer_name":"shyna","phone":"12345678","notes":"","total_amount":3,"items":[{"id":"air-kosong","name":"air kosong","price":1,"quantity":3}],"payment_method":"stripe","stripe_session_id":"cs_test_a1WYVxlSuQ5w9Ht9EaWN8gL9xFpjbyiz3M8JZaER3nUbuclBSjquE4gwFE"}
2026-02-25 14:28:17 Parsed data: Array
(
    [customer_name] => shyna
    [phone] => 12345678
    [notes] => 
    [total_amount] => 3
    [items] => Array
        (
            [0] => Array
                (
                    [id] => air-kosong
                    [name] => air kosong
                    [price] => 1
                    [quantity] => 3
                )

        )

    [payment_method] => stripe
    [stripe_session_id] => cs_test_a1WYVxlSuQ5w9Ht9EaWN8gL9xFpjbyiz3M8JZaER3nUbuclBSjquE4gwFE
)

2026-02-25 14:28:17 RAW INPUT: {"customer_name":"shyna","phone":"12345678","notes":"","total_amount":3,"items":[{"id":"air-kosong","name":"air kosong","price":1,"quantity":3}],"payment_method":"stripe","stripe_session_id":"cs_test_a1snNkmHCQMyb1wO4xuv30SfWQf04FwS41eysvABv54CipAbCXnr0KvNS7"}
2026-02-25 14:28:17 Parsed data: Array
(
    [customer_name] => shyna
    [phone] => 12345678
    [notes] => 
    [total_amount] => 3
    [items] => Array
        (
            [0] => Array
                (
                    [id] => air-kosong
                    [name] => air kosong
                    [price] => 1
                    [quantity] => 3
                )

        )

    [payment_method] => stripe
    [stripe_session_id] => cs_test_a1snNkmHCQMyb1wO4xuv30SfWQf04FwS41eysvABv54CipAbCXnr0KvNS7
)

2026-02-25 14:34:30 RAW INPUT: {"customer_name":"shyna","phone":"12345678","notes":"","total_amount":3,"items":[{"id":"air-kosong","name":"air kosong","price":1,"quantity":3}],"payment_method":"stripe","stripe_session_id":"cs_test_a1v0tK1WRF03bMZy0OmxlWyxAn5WBX8A47VOK5ZsEfTvLvtaPA08tR6q2o"}
2026-02-25 14:34:30 Parsed data: Array
(
    [customer_name] => shyna
    [phone] => 12345678
    [notes] => 
    [total_amount] => 3
    [items] => Array
        (
            [0] => Array
                (
                    [id] => air-kosong
                    [name] => air kosong
                    [price] => 1
                    [quantity] => 3
                )

        )

    [payment_method] => stripe
    [stripe_session_id] => cs_test_a1v0tK1WRF03bMZy0OmxlWyxAn5WBX8A47VOK5ZsEfTvLvtaPA08tR6q2o
)

2026-02-25 14:49:53 RAW INPUT: {"customer_name":"shyna","phone":"12345678","notes":"","total_amount":3,"items":[{"id":"air-kosong","name":"air kosong","price":1,"quantity":3}],"payment_method":"stripe","stripe_session_id":"cs_test_a1AJI9H6G8roiCLuKSIoLhNeHH2BnHhJ1TgyMOWs4XJdgZhKLQiY6LaFnv"}
2026-02-25 14:49:53 Parsed data: Array
(
    [customer_name] => shyna
    [phone] => 12345678
    [notes] => 
    [total_amount] => 3
    [items] => Array
        (
            [0] => Array
                (
                    [id] => air-kosong
                    [name] => air kosong
                    [price] => 1
                    [quantity] => 3
                )

        )

    [payment_method] => stripe
    [stripe_session_id] => cs_test_a1AJI9H6G8roiCLuKSIoLhNeHH2BnHhJ1TgyMOWs4XJdgZhKLQiY6LaFnv
)

2026-02-25 14:49:53 RAW INPUT: {"customer_name":"shyna","phone":"12345678","notes":"","total_amount":3,"items":[{"id":"air-kosong","name":"air kosong","price":1,"quantity":3}],"payment_method":"stripe","stripe_session_id":"cs_test_a1TtSGLd8uBoGMFTHG570dAR6m9fvk49avhRVWu9lf0lTrsotQnFbftpuG"}
2026-02-25 14:49:53 Parsed data: Array
(
    [customer_name] => shyna
    [phone] => 12345678
    [notes] => 
    [total_amount] => 3
    [items] => Array
        (
            [0] => Array
                (
                    [id] => air-kosong
                    [name] => air kosong
                    [price] => 1
                    [quantity] => 3
                )

        )

    [payment_method] => stripe
    [stripe_session_id] => cs_test_a1TtSGLd8uBoGMFTHG570dAR6m9fvk49avhRVWu9lf0lTrsotQnFbftpuG
)

2026-02-25 14:54:53 RAW INPUT: {"customer_name":"shyna","phone":"12345678","notes":"","total_amount":3,"items":[{"id":"air-kosong","name":"air kosong","price":1,"quantity":3}],"payment_method":"stripe","stripe_session_id":"cs_test_a1Xa2CD250K28XWY2RSR1oGxWSyjFc2K6gbDrMaThra2lsVAHkMpL1XJuA"}
2026-02-25 14:54:53 Parsed data: Array
(
    [customer_name] => shyna
    [phone] => 12345678
    [notes] => 
    [total_amount] => 3
    [items] => Array
        (
            [0] => Array
                (
                    [id] => air-kosong
                    [name] => air kosong
                    [price] => 1
                    [quantity] => 3
                )

        )

    [payment_method] => stripe
    [stripe_session_id] => cs_test_a1Xa2CD250K28XWY2RSR1oGxWSyjFc2K6gbDrMaThra2lsVAHkMpL1XJuA
)

2026-02-25 14:54:53 RAW INPUT: {"customer_name":"shyna","phone":"12345678","notes":"","total_amount":3,"items":[{"id":"air-kosong","name":"air kosong","price":1,"quantity":3}],"payment_method":"stripe","stripe_session_id":"cs_test_a1Jksgnky30qYmWY0m4Tte3Gryg7XEiTevx4389zS8kuOIvEwEDCKi93F7"}
2026-02-25 14:54:53 Parsed data: Array
(
    [customer_name] => shyna
    [phone] => 12345678
    [notes] => 
    [total_amount] => 3
    [items] => Array
        (
            [0] => Array
                (
                    [id] => air-kosong
                    [name] => air kosong
                    [price] => 1
                    [quantity] => 3
                )

        )

    [payment_method] => stripe
    [stripe_session_id] => cs_test_a1Jksgnky30qYmWY0m4Tte3Gryg7XEiTevx4389zS8kuOIvEwEDCKi93F7
)

2026-02-25 15:10:11 RAW INPUT: {"customer_name":"shyna","phone":"12345678","notes":"","total_amount":4,"items":[{"id":"telur-dadar","name":"telur dadar","price":1,"quantity":4}],"payment_method":"stripe","stripe_session_id":"cs_test_a1nXJ8drOPEfSIZc7jdrXlmkFSODowcq23A3Xy3jARnkjUZjZbdnZB6eZw"}
2026-02-25 15:10:11 Parsed data: Array
(
    [customer_name] => shyna
    [phone] => 12345678
    [notes] => 
    [total_amount] => 4
    [items] => Array
        (
            [0] => Array
                (
                    [id] => telur-dadar
                    [name] => telur dadar
                    [price] => 1
                    [quantity] => 4
                )

        )

    [payment_method] => stripe
    [stripe_session_id] => cs_test_a1nXJ8drOPEfSIZc7jdrXlmkFSODowcq23A3Xy3jARnkjUZjZbdnZB6eZw
)

2026-02-25 15:10:11 RAW INPUT: {"customer_name":"shyna","phone":"12345678","notes":"","total_amount":4,"items":[{"id":"telur-dadar","name":"telur dadar","price":1,"quantity":4}],"payment_method":"stripe","stripe_session_id":"cs_test_a1ejqIw4thHBseck1hdG773sJYWaYbxMig4UmzOm34FbHdAnxIFTLJtcxA"}
2026-02-25 15:10:11 Parsed data: Array
(
    [customer_name] => shyna
    [phone] => 12345678
    [notes] => 
    [total_amount] => 4
    [items] => Array
        (
            [0] => Array
                (
                    [id] => telur-dadar
                    [name] => telur dadar
                    [price] => 1
                    [quantity] => 4
                )

        )

    [payment_method] => stripe
    [stripe_session_id] => cs_test_a1ejqIw4thHBseck1hdG773sJYWaYbxMig4UmzOm34FbHdAnxIFTLJtcxA
)

2026-02-25 15:12:47 RAW INPUT: {"customer_name":"shyna","phone":"12345678","notes":"","total_amount":8,"items":[{"id":"nasi-ayam","name":"nasi ayam","price":8,"quantity":1}],"payment_method":"stripe","stripe_session_id":"cs_test_a1wSIvopj9qQR8sVEloDQ2WvmbkrTv9K3O7fCXCTonYSxESl6t9ZzHsxad"}
2026-02-25 15:12:47 Parsed data: Array
(
    [customer_name] => shyna
    [phone] => 12345678
    [notes] => 
    [total_amount] => 8
    [items] => Array
        (
            [0] => Array
                (
                    [id] => nasi-ayam
                    [name] => nasi ayam
                    [price] => 8
                    [quantity] => 1
                )

        )

    [payment_method] => stripe
    [stripe_session_id] => cs_test_a1wSIvopj9qQR8sVEloDQ2WvmbkrTv9K3O7fCXCTonYSxESl6t9ZzHsxad
)

2026-02-25 15:12:47 RAW INPUT: {"customer_name":"shyna","phone":"12345678","notes":"","total_amount":8,"items":[{"id":"nasi-ayam","name":"nasi ayam","price":8,"quantity":1}],"payment_method":"stripe","stripe_session_id":"cs_test_a1mYiridJU5fxXRBUeGGWz4eICmoRPEDtSRrNvGk2PVUSfsAhytU4gQqwF"}
2026-02-25 15:12:47 Parsed data: Array
(
    [customer_name] => shyna
    [phone] => 12345678
    [notes] => 
    [total_amount] => 8
    [items] => Array
        (
            [0] => Array
                (
                    [id] => nasi-ayam
                    [name] => nasi ayam
                    [price] => 8
                    [quantity] => 1
                )

        )

    [payment_method] => stripe
    [stripe_session_id] => cs_test_a1mYiridJU5fxXRBUeGGWz4eICmoRPEDtSRrNvGk2PVUSfsAhytU4gQqwF
)

2026-02-25 15:17:27 RAW INPUT: {"customer_name":"shyna","phone":"12345678","notes":"","total_amount":9,"items":[{"id":"telur-mata","name":"telur mata","price":1,"quantity":1},{"id":"mil-ladna","name":"Mil Ladna","price":8,"quantity":1}],"payment_method":"stripe","stripe_session_id":"cs_test_a1dn7PvrcAV5jxVMLmQgazHHHMWPSbSRN2D070eULR2yjuErsHYKX65KR7"}
2026-02-25 15:17:27 Parsed data: Array
(
    [customer_name] => shyna
    [phone] => 12345678
    [notes] => 
    [total_amount] => 9
    [items] => Array
        (
            [0] => Array
                (
                    [id] => telur-mata
                    [name] => telur mata
                    [price] => 1
                    [quantity] => 1
                )

            [1] => Array
                (
                    [id] => mil-ladna
                    [name] => Mil Ladna
                    [price] => 8
                    [quantity] => 1
                )

        )

    [payment_method] => stripe
    [stripe_session_id] => cs_test_a1dn7PvrcAV5jxVMLmQgazHHHMWPSbSRN2D070eULR2yjuErsHYKX65KR7
)

2026-02-25 15:17:27 RAW INPUT: {"customer_name":"shyna","phone":"12345678","notes":"","total_amount":9,"items":[{"id":"telur-mata","name":"telur mata","price":1,"quantity":1},{"id":"mil-ladna","name":"Mil Ladna","price":8,"quantity":1}],"payment_method":"stripe","stripe_session_id":"cs_test_a19yVipRQKBxWuqPDIAr4bUDnUt0HBmL61ORl75LMRIXYV0XYO2Lkn1yXE"}
2026-02-25 15:17:27 Parsed data: Array
(
    [customer_name] => shyna
    [phone] => 12345678
    [notes] => 
    [total_amount] => 9
    [items] => Array
        (
            [0] => Array
                (
                    [id] => telur-mata
                    [name] => telur mata
                    [price] => 1
                    [quantity] => 1
                )

            [1] => Array
                (
                    [id] => mil-ladna
                    [name] => Mil Ladna
                    [price] => 8
                    [quantity] => 1
                )

        )

    [payment_method] => stripe
    [stripe_session_id] => cs_test_a19yVipRQKBxWuqPDIAr4bUDnUt0HBmL61ORl75LMRIXYV0XYO2Lkn1yXE
)

2026-02-25 15:26:13 RAW INPUT: {"customer_name":"shyna","phone":"12345678","notes":"","total_amount":9,"items":[{"id":"telur-mata","name":"telur mata","price":1,"quantity":1},{"id":"mil-ladna","name":"Mil Ladna","price":8,"quantity":1}],"payment_method":"stripe","stripe_session_id":"cs_test_a1NRTFKpwhqb5VsrtBqig9lMbHngQqVBJwYLKzSWSfAItZgSGynkbJIpAt"}
2026-02-25 15:26:13 Parsed data: Array
(
    [customer_name] => shyna
    [phone] => 12345678
    [notes] => 
    [total_amount] => 9
    [items] => Array
        (
            [0] => Array
                (
                    [id] => telur-mata
                    [name] => telur mata
                    [price] => 1
                    [quantity] => 1
                )

            [1] => Array
                (
                    [id] => mil-ladna
                    [name] => Mil Ladna
                    [price] => 8
                    [quantity] => 1
                )

        )

    [payment_method] => stripe
    [stripe_session_id] => cs_test_a1NRTFKpwhqb5VsrtBqig9lMbHngQqVBJwYLKzSWSfAItZgSGynkbJIpAt
)

2026-02-25 15:29:55 RAW INPUT: {"customer_name":"shyna","phone":"12345678","notes":"","total_amount":3,"items":[{"id":"teh-ais","name":"teh ais","price":3,"quantity":1}],"payment_method":"stripe","stripe_session_id":"cs_test_a1IudWkduzUY5TbJXvc2nxLoKRYhNcdanRLa7IhqsMjaCCePdJiuJHCtEs"}
2026-02-25 15:29:55 Parsed data: Array
(
    [customer_name] => shyna
    [phone] => 12345678
    [notes] => 
    [total_amount] => 3
    [items] => Array
        (
            [0] => Array
                (
                    [id] => teh-ais
                    [name] => teh ais
                    [price] => 3
                    [quantity] => 1
                )

        )

    [payment_method] => stripe
    [stripe_session_id] => cs_test_a1IudWkduzUY5TbJXvc2nxLoKRYhNcdanRLa7IhqsMjaCCePdJiuJHCtEs
)

2026-02-25 15:29:55 RAW INPUT: {"customer_name":"shyna","phone":"12345678","notes":"","total_amount":3,"items":[{"id":"teh-ais","name":"teh ais","price":3,"quantity":1}],"payment_method":"stripe","stripe_session_id":"cs_test_a15ZNzSuIz2p5AzygSci58POPvPs2z2hXCYNvlRARs2BD8dWz96sjSCWWO"}
2026-02-25 15:29:55 Parsed data: Array
(
    [customer_name] => shyna
    [phone] => 12345678
    [notes] => 
    [total_amount] => 3
    [items] => Array
        (
            [0] => Array
                (
                    [id] => teh-ais
                    [name] => teh ais
                    [price] => 3
                    [quantity] => 1
                )

        )

    [payment_method] => stripe
    [stripe_session_id] => cs_test_a15ZNzSuIz2p5AzygSci58POPvPs2z2hXCYNvlRARs2BD8dWz96sjSCWWO
)

2026-02-25 15:31:22 RAW INPUT: {"customer_name":"shyna","phone":"12345678","notes":"","total_amount":3,"items":[{"id":"telur-mata","name":"telur mata","price":1,"quantity":3}],"payment_method":"stripe","stripe_session_id":"cs_test_a18qyY4j9vZUtfBJnjnQ4mJHIQJwmKS6azbdor7j72WG1RZGKqcRkqSsNI"}
2026-02-25 15:31:22 Parsed data: Array
(
    [customer_name] => shyna
    [phone] => 12345678
    [notes] => 
    [total_amount] => 3
    [items] => Array
        (
            [0] => Array
                (
                    [id] => telur-mata
                    [name] => telur mata
                    [price] => 1
                    [quantity] => 3
                )

        )

    [payment_method] => stripe
    [stripe_session_id] => cs_test_a18qyY4j9vZUtfBJnjnQ4mJHIQJwmKS6azbdor7j72WG1RZGKqcRkqSsNI
)

2026-02-25 15:31:22 RAW INPUT: {"customer_name":"shyna","phone":"12345678","notes":"","total_amount":3,"items":[{"id":"telur-mata","name":"telur mata","price":1,"quantity":3}],"payment_method":"stripe","stripe_session_id":"cs_test_a1EiuZzQZu3Mqnffzp8jvwMr5VYrKm3elBJppSCTpFcaA39GTGTUBFznZG"}
2026-02-25 15:31:22 Parsed data: Array
(
    [customer_name] => shyna
    [phone] => 12345678
    [notes] => 
    [total_amount] => 3
    [items] => Array
        (
            [0] => Array
                (
                    [id] => telur-mata
                    [name] => telur mata
                    [price] => 1
                    [quantity] => 3
                )

        )

    [payment_method] => stripe
    [stripe_session_id] => cs_test_a1EiuZzQZu3Mqnffzp8jvwMr5VYrKm3elBJppSCTpFcaA39GTGTUBFznZG
)

2026-02-25 16:54:54 RAW INPUT: {"customer_name":"shyna","phone":"12345678","notes":"","total_amount":10,"items":[{"id":"nasi-kerabu","name":"nasi kerabu","price":10,"quantity":1}],"payment_method":"stripe","stripe_session_id":"cs_test_a1OesQjnPvlT1mOCQ67CoEjvdT3pDxyd3vek8dX4Kh3nptfNIenEQ1atAE"}
2026-02-25 16:54:54 Parsed data: Array
(
    [customer_name] => shyna
    [phone] => 12345678
    [notes] => 
    [total_amount] => 10
    [items] => Array
        (
            [0] => Array
                (
                    [id] => nasi-kerabu
                    [name] => nasi kerabu
                    [price] => 10
                    [quantity] => 1
                )

        )

    [payment_method] => stripe
    [stripe_session_id] => cs_test_a1OesQjnPvlT1mOCQ67CoEjvdT3pDxyd3vek8dX4Kh3nptfNIenEQ1atAE
)

2026-02-25 16:54:54 RAW INPUT: {"customer_name":"shyna","phone":"12345678","notes":"","total_amount":10,"items":[{"id":"nasi-kerabu","name":"nasi kerabu","price":10,"quantity":1}],"payment_method":"stripe","stripe_session_id":"cs_test_a1aGKUiLfrdKfk6qxi0j2hadFuHFCs3Rkh9NCtBpH1D7Kz2UH2ODW4SGHn"}
2026-02-25 16:54:54 Parsed data: Array
(
    [customer_name] => shyna
    [phone] => 12345678
    [notes] => 
    [total_amount] => 10
    [items] => Array
        (
            [0] => Array
                (
                    [id] => nasi-kerabu
                    [name] => nasi kerabu
                    [price] => 10
                    [quantity] => 1
                )

        )

    [payment_method] => stripe
    [stripe_session_id] => cs_test_a1aGKUiLfrdKfk6qxi0j2hadFuHFCs3Rkh9NCtBpH1D7Kz2UH2ODW4SGHn
)

2026-02-25 17:02:57 RAW INPUT: {"customer_name":"shyna","phone":"12345678","notes":"","total_amount":10,"items":[{"id":"nasi-kerabu","name":"nasi kerabu","price":10,"quantity":1}],"payment_method":"stripe","stripe_session_id":"cs_test_a1izMyDf363HfuD0ddqSxyG7tHsXrmzy8rQNoLi06SAxg9Ylgg3huNV13n"}
2026-02-25 17:02:57 Parsed data: Array
(
    [customer_name] => shyna
    [phone] => 12345678
    [notes] => 
    [total_amount] => 10
    [items] => Array
        (
            [0] => Array
                (
                    [id] => nasi-kerabu
                    [name] => nasi kerabu
                    [price] => 10
                    [quantity] => 1
                )

        )

    [payment_method] => stripe
    [stripe_session_id] => cs_test_a1izMyDf363HfuD0ddqSxyG7tHsXrmzy8rQNoLi06SAxg9Ylgg3huNV13n
)

2026-02-25 17:02:57 RAW INPUT: {"customer_name":"shyna","phone":"12345678","notes":"","total_amount":10,"items":[{"id":"nasi-kerabu","name":"nasi kerabu","price":10,"quantity":1}],"payment_method":"stripe","stripe_session_id":"cs_test_a11niSfezFnbOYbCHafaOIOytNVhotkve9lEaPeddwrCdHDLhvZSipRXhz"}
2026-02-25 17:02:57 Parsed data: Array
(
    [customer_name] => shyna
    [phone] => 12345678
    [notes] => 
    [total_amount] => 10
    [items] => Array
        (
            [0] => Array
                (
                    [id] => nasi-kerabu
                    [name] => nasi kerabu
                    [price] => 10
                    [quantity] => 1
                )

        )

    [payment_method] => stripe
    [stripe_session_id] => cs_test_a11niSfezFnbOYbCHafaOIOytNVhotkve9lEaPeddwrCdHDLhvZSipRXhz
)

2026-02-25 18:02:20 RAW INPUT: {"customer_name":"shyna","phone":"12345678","notes":"","total_amount":5,"items":[{"id":"nasi-goreng","name":"nasi goreng","price":5,"quantity":1}],"payment_method":"stripe","stripe_session_id":"cs_test_a1q81h8Am90D0RV5vZ4wa2i5XiZeABBvF91lW9L4qph3si9HtlLRmq9NS8"}
2026-02-25 18:02:20 Parsed data: Array
(
    [customer_name] => shyna
    [phone] => 12345678
    [notes] => 
    [total_amount] => 5
    [items] => Array
        (
            [0] => Array
                (
                    [id] => nasi-goreng
                    [name] => nasi goreng
                    [price] => 5
                    [quantity] => 1
                )

        )

    [payment_method] => stripe
    [stripe_session_id] => cs_test_a1q81h8Am90D0RV5vZ4wa2i5XiZeABBvF91lW9L4qph3si9HtlLRmq9NS8
)

2026-02-25 18:02:20 RAW INPUT: {"customer_name":"shyna","phone":"12345678","notes":"","total_amount":5,"items":[{"id":"nasi-goreng","name":"nasi goreng","price":5,"quantity":1}],"payment_method":"stripe","stripe_session_id":"cs_test_a19NayUI0E3T0SaT4VZsY2AqUFxVVTKrHDLbstnci9iuvWOjjU1K8yuYWx"}
2026-02-25 18:02:20 Parsed data: Array
(
    [customer_name] => shyna
    [phone] => 12345678
    [notes] => 
    [total_amount] => 5
    [items] => Array
        (
            [0] => Array
                (
                    [id] => nasi-goreng
                    [name] => nasi goreng
                    [price] => 5
                    [quantity] => 1
                )

        )

    [payment_method] => stripe
    [stripe_session_id] => cs_test_a19NayUI0E3T0SaT4VZsY2AqUFxVVTKrHDLbstnci9iuvWOjjU1K8yuYWx
)

2026-02-25 18:08:35 RAW INPUT: {"customer_name":"shyna","phone":"12345678","notes":"","total_amount":5,"items":[{"id":"nasi-goreng","name":"nasi goreng","price":5,"quantity":1}],"payment_method":"stripe","stripe_session_id":"cs_test_a16h34kAZHRxrFfHplvGQoFU8Lvpa0ngTsn4lEHlvRmTRbjqDHBNvVRfNU"}
2026-02-25 18:08:35 Parsed data: Array
(
    [customer_name] => shyna
    [phone] => 12345678
    [notes] => 
    [total_amount] => 5
    [items] => Array
        (
            [0] => Array
                (
                    [id] => nasi-goreng
                    [name] => nasi goreng
                    [price] => 5
                    [quantity] => 1
                )

        )

    [payment_method] => stripe
    [stripe_session_id] => cs_test_a16h34kAZHRxrFfHplvGQoFU8Lvpa0ngTsn4lEHlvRmTRbjqDHBNvVRfNU
)

2026-02-25 18:08:35 RAW INPUT: {"customer_name":"shyna","phone":"12345678","notes":"","total_amount":5,"items":[{"id":"nasi-goreng","name":"nasi goreng","price":5,"quantity":1}],"payment_method":"stripe","stripe_session_id":"cs_test_a1EI5XhSikU8cyJzpmAEPO2aAIH4EmuuOoG2JGBgWyGdYEE5qbtF5TuEQv"}
2026-02-25 18:08:35 Parsed data: Array
(
    [customer_name] => shyna
    [phone] => 12345678
    [notes] => 
    [total_amount] => 5
    [items] => Array
        (
            [0] => Array
                (
                    [id] => nasi-goreng
                    [name] => nasi goreng
                    [price] => 5
                    [quantity] => 1
                )

        )

    [payment_method] => stripe
    [stripe_session_id] => cs_test_a1EI5XhSikU8cyJzpmAEPO2aAIH4EmuuOoG2JGBgWyGdYEE5qbtF5TuEQv
)

2026-02-25 18:24:33 RAW INPUT: {"customer_name":"shyna","phone":"12345678","notes":"","total_amount":5,"items":[{"id":"nasi-goreng","name":"nasi goreng","price":5,"quantity":1}],"payment_method":"stripe","stripe_session_id":"cs_test_a1gB5Fqw9sKShHLfRqB4yU3cUE2WKB4GQTQgUHDBOeZRvpl0BQeubWi9SW"}
2026-02-25 18:24:33 Parsed data: Array
(
    [customer_name] => shyna
    [phone] => 12345678
    [notes] => 
    [total_amount] => 5
    [items] => Array
        (
            [0] => Array
                (
                    [id] => nasi-goreng
                    [name] => nasi goreng
                    [price] => 5
                    [quantity] => 1
                )

        )

    [payment_method] => stripe
    [stripe_session_id] => cs_test_a1gB5Fqw9sKShHLfRqB4yU3cUE2WKB4GQTQgUHDBOeZRvpl0BQeubWi9SW
)

2026-02-25 18:24:33 RAW INPUT: {"customer_name":"shyna","phone":"12345678","notes":"","total_amount":5,"items":[{"id":"nasi-goreng","name":"nasi goreng","price":5,"quantity":1}],"payment_method":"stripe","stripe_session_id":"cs_test_a1Dl08pQG5HlB2PjgBIiEomU9pY5VMDBTe1K5uea4ybvgWo8F4IaFF1JE8"}
2026-02-25 18:24:33 Parsed data: Array
(
    [customer_name] => shyna
    [phone] => 12345678
    [notes] => 
    [total_amount] => 5
    [items] => Array
        (
            [0] => Array
                (
                    [id] => nasi-goreng
                    [name] => nasi goreng
                    [price] => 5
                    [quantity] => 1
                )

        )

    [payment_method] => stripe
    [stripe_session_id] => cs_test_a1Dl08pQG5HlB2PjgBIiEomU9pY5VMDBTe1K5uea4ybvgWo8F4IaFF1JE8
)

2026-02-25 18:51:17 RAW INPUT: {"customer_name":"shyna","phone":"12345678","notes":"","total_amount":5,"items":[{"id":"nasi-goreng","name":"nasi goreng","price":5,"quantity":1}],"payment_method":"stripe","stripe_session_id":"cs_test_a1d9nDrMPMETzty2kNpK6gvPpSzp1VbSHbPgtNaknLwFFl8rhKx82t6tb0"}
2026-02-25 18:51:17 Parsed data: Array
(
    [customer_name] => shyna
    [phone] => 12345678
    [notes] => 
    [total_amount] => 5
    [items] => Array
        (
            [0] => Array
                (
                    [id] => nasi-goreng
                    [name] => nasi goreng
                    [price] => 5
                    [quantity] => 1
                )

        )

    [payment_method] => stripe
    [stripe_session_id] => cs_test_a1d9nDrMPMETzty2kNpK6gvPpSzp1VbSHbPgtNaknLwFFl8rhKx82t6tb0
)

2026-02-25 18:51:17 RAW INPUT: {"customer_name":"shyna","phone":"12345678","notes":"","total_amount":5,"items":[{"id":"nasi-goreng","name":"nasi goreng","price":5,"quantity":1}],"payment_method":"stripe","stripe_session_id":"cs_test_a1TrwFHltAIW1V1T6z0yO1T8Co7iawiVp5UDfvYRGCxHy3RJCSveFwgOUY"}
2026-02-25 18:51:17 Parsed data: Array
(
    [customer_name] => shyna
    [phone] => 12345678
    [notes] => 
    [total_amount] => 5
    [items] => Array
        (
            [0] => Array
                (
                    [id] => nasi-goreng
                    [name] => nasi goreng
                    [price] => 5
                    [quantity] => 1
                )

        )

    [payment_method] => stripe
    [stripe_session_id] => cs_test_a1TrwFHltAIW1V1T6z0yO1T8Co7iawiVp5UDfvYRGCxHy3RJCSveFwgOUY
)

2026-02-26 08:13:40 RAW INPUT: {"customer_name":"shyna","phone":"12345678","notes":"","total_amount":10,"items":[{"id":"nasi-goreng","name":"nasi goreng","price":5,"quantity":2}],"payment_method":"stripe","stripe_session_id":"cs_test_a19hElNgAENHEkMtRQc9bnreCYZ3r0nGMVmhbz8r2kx7u8dzXfRqS7vf5x"}
2026-02-26 08:13:40 Parsed data: Array
(
    [customer_name] => shyna
    [phone] => 12345678
    [notes] => 
    [total_amount] => 10
    [items] => Array
        (
            [0] => Array
                (
                    [id] => nasi-goreng
                    [name] => nasi goreng
                    [price] => 5
                    [quantity] => 2
                )

        )

    [payment_method] => stripe
    [stripe_session_id] => cs_test_a19hElNgAENHEkMtRQc9bnreCYZ3r0nGMVmhbz8r2kx7u8dzXfRqS7vf5x
)

2026-02-26 08:13:40 RAW INPUT: {"customer_name":"shyna","phone":"12345678","notes":"","total_amount":10,"items":[{"id":"nasi-goreng","name":"nasi goreng","price":5,"quantity":2}],"payment_method":"stripe","stripe_session_id":"cs_test_a1K9iBZA4V4Vv4yPQKo3n04ggF3XJJNQ5vPJeymgmzbKLe8l4Km3q5R60o"}
2026-02-26 08:13:40 Parsed data: Array
(
    [customer_name] => shyna
    [phone] => 12345678
    [notes] => 
    [total_amount] => 10
    [items] => Array
        (
            [0] => Array
                (
                    [id] => nasi-goreng
                    [name] => nasi goreng
                    [price] => 5
                    [quantity] => 2
                )

        )

    [payment_method] => stripe
    [stripe_session_id] => cs_test_a1K9iBZA4V4Vv4yPQKo3n04ggF3XJJNQ5vPJeymgmzbKLe8l4Km3q5R60o
)

2026-02-26 08:15:23 RAW INPUT: {"customer_name":"shyna","phone":"12345678","notes":"","total_amount":10,"items":[{"id":"nasi-goreng","name":"nasi goreng","price":5,"quantity":2}],"payment_method":"stripe","stripe_session_id":"cs_test_a1HOL4v8tKJE7chQmEHITDujYb4DYcTy5NVzNKlOzdJFG8tKZEoWW0QnRe"}
2026-02-26 08:15:23 Parsed data: Array
(
    [customer_name] => shyna
    [phone] => 12345678
    [notes] => 
    [total_amount] => 10
    [items] => Array
        (
            [0] => Array
                (
                    [id] => nasi-goreng
                    [name] => nasi goreng
                    [price] => 5
                    [quantity] => 2
                )

        )

    [payment_method] => stripe
    [stripe_session_id] => cs_test_a1HOL4v8tKJE7chQmEHITDujYb4DYcTy5NVzNKlOzdJFG8tKZEoWW0QnRe
)

2026-02-26 08:15:23 RAW INPUT: {"customer_name":"shyna","phone":"12345678","notes":"","total_amount":10,"items":[{"id":"nasi-goreng","name":"nasi goreng","price":5,"quantity":2}],"payment_method":"stripe","stripe_session_id":"cs_test_a12g4srILSQlVfyAmt0sYSpEuZH9o8Mhg0lBXeohaSt6vt580btnAnuqcn"}
2026-02-26 08:15:23 Parsed data: Array
(
    [customer_name] => shyna
    [phone] => 12345678
    [notes] => 
    [total_amount] => 10
    [items] => Array
        (
            [0] => Array
                (
                    [id] => nasi-goreng
                    [name] => nasi goreng
                    [price] => 5
                    [quantity] => 2
                )

        )

    [payment_method] => stripe
    [stripe_session_id] => cs_test_a12g4srILSQlVfyAmt0sYSpEuZH9o8Mhg0lBXeohaSt6vt580btnAnuqcn
)

